<?xml version="1.0" encoding="UTF-8"?>
<testsuite name="com.example.project.TestPoint" tests="3" skipped="0" failures="0" errors="0" timestamp="2025-01-07T23:16:30" hostname="codespaces-b82ddc" time="0.023">
  <properties/>
  <testcase name="testPointInfo()" classname="com.example.project.TestPoint" time="0.012"/>
  <testcase name="testDistanceTo()" classname="com.example.project.TestPoint" time="0.007"/>
  <testcase name="testConstructor()" classname="com.example.project.TestPoint" time="0.001"/>
  <system-out><![CDATA[]]></system-out>
  <system-err><![CDATA[]]></system-err>
</testsuite>
