<?xml version="1.0" encoding="UTF-8"?>
<testsuite name="com.example.project.TestPoint" tests="3" skipped="0" failures="0" errors="0" timestamp="2025-01-08T12:53:16" hostname="codespaces-b82ddc" time="0.041">
  <properties/>
  <testcase name="testPointInfo()" classname="com.example.project.TestPoint" time="0.029"/>
  <testcase name="testDistanceTo()" classname="com.example.project.TestPoint" time="0.002"/>
  <testcase name="testConstructor()" classname="com.example.project.TestPoint" time="0.0"/>
  <system-out><![CDATA[]]></system-out>
  <system-err><![CDATA[]]></system-err>
</testsuite>
